+ ld obj/kern/kernel
i386-jos-elf-ld: warning: section `.bss' type changed to PROGBITS
+ mk obj/kern/kernel.img
6828 decimal is 15254 octal!
Physical memory: 131072K available, base = 640K, extended = 130432K
check_page_free_list() succeeded!
check_page_alloc() succeeded!
check_page() succeeded!
check_kern_pgdir() succeeded!
check_page_free_list() succeeded!
check_page_installed_pgdir() succeeded!
[00000000] new env 00001000
Incoming TRAP frame at 0xefffffbc
trap_dispatch 30
Incoming TRAP frame at 0xefffffbc
trap_dispatch 30
[00001000] user_mem_check assertion failure for va f010000c
[00001000] free env 00001000
Destroyed the only environment - nothing more to do!
Welcome to the JOS kernel monitor!
Type 'help' for a list of commands.
qemu: terminating on signal 15 from pid 21518
